{"uuid":"7db548d7-351a-4cfe-88b9-7b19c63ee354","name":"hw3.RunTestEx1","children":[],"befores":[{"name":"setUpClass","status":"broken","statusDetails":{"known":false,"muted":false,"flaky":false,"message":"Couldn't create a file output stream for 'target\\cucumber-report.html'.\nMake sure the the file isn't a directory.\n\nNote: This usually happens when plugins write to colliding paths.\nFor example: 'json:target/cucumber/report.json, html:target/cucumber'\nYou can fix this by making the paths do no collide.\nFor example: 'json:target/cucumber/report.json, html:target/cucumber/report.html'\nThe details are in the stack trace below:","trace":"java.lang.IllegalArgumentException: Couldn't create a file output stream for 'target\\cucumber-report.html'.\nMake sure the the file isn't a directory.\n\nNote: This usually happens when plugins write to colliding paths.\nFor example: 'json:target/cucumber/report.json, html:target/cucumber'\nYou can fix this by making the paths do no collide.\nFor example: 'json:target/cucumber/report.json, html:target/cucumber/report.html'\nThe details are in the stack trace below:\r\n\tat io.cucumber.core.plugin.PluginFactory.createFileOutputStream(PluginFactory.java:240)\r\n\tat io.cucumber.core.plugin.PluginFactory.openStream(PluginFactory.java:199)\r\n\tat io.cucumber.core.plugin.PluginFactory.convert(PluginFactory.java:166)\r\n\tat io.cucumber.core.plugin.PluginFactory.instantiate(PluginFactory.java:99)\r\n\tat io.cucumber.core.plugin.PluginFactory.create(PluginFactory.java:63)\r\n\tat io.cucumber.core.plugin.Plugins.createPlugins(Plugins.java:32)\r\n\tat io.cucumber.core.plugin.Plugins.<init>(Plugins.java:25)\r\n\tat io.cucumber.testng.TestNGCucumberRunner.<init>(TestNGCucumberRunner.java:92)\r\n\tat io.cucumber.testng.AbstractTestNGCucumberTests.setUpClass(AbstractTestNGCucumberTests.java:23)\r\n\tat java.base/jdk.internal.reflect.NativeMethodAccessorImpl.invoke0(Native Method)\r\n\tat java.base/jdk.internal.reflect.NativeMethodAccessorImpl.invoke(NativeMethodAccessorImpl.java:62)\r\n\tat java.base/jdk.internal.reflect.DelegatingMethodAccessorImpl.invoke(DelegatingMethodAccessorImpl.java:43)\r\n\tat java.base/java.lang.reflect.Method.invoke(Method.java:566)\r\n\tat org.testng.internal.MethodInvocationHelper.invokeMethod(MethodInvocationHelper.java:104)\r\n\tat org.testng.internal.Invoker.invokeConfigurationMethod(Invoker.java:515)\r\n\tat org.testng.internal.Invoker.invokeConfigurations(Invoker.java:217)\r\n\tat org.testng.internal.Invoker.invokeConfigurations(Invoker.java:144)\r\n\tat org.testng.internal.TestMethodWorker.invokeBeforeClassMethods(TestMethodWorker.java:169)\r\n\tat org.testng.internal.TestMethodWorker.run(TestMethodWorker.java:108)\r\n\tat org.testng.TestRunner.privateRun(TestRunner.java:756)\r\n\tat org.testng.TestRunner.run(TestRunner.java:610)\r\n\tat org.testng.SuiteRunner.runTest(SuiteRunner.java:387)\r\n\tat org.testng.SuiteRunner.runSequentially(SuiteRunner.java:382)\r\n\tat org.testng.SuiteRunner.privateRun(SuiteRunner.java:340)\r\n\tat org.testng.SuiteRunner.run(SuiteRunner.java:289)\r\n\tat org.testng.SuiteRunnerWorker.runSuite(SuiteRunnerWorker.java:52)\r\n\tat org.testng.SuiteRunnerWorker.run(SuiteRunnerWorker.java:86)\r\n\tat org.testng.TestNG.runSuitesSequentially(TestNG.java:1293)\r\n\tat org.testng.TestNG.runSuitesLocally(TestNG.java:1218)\r\n\tat org.testng.TestNG.runSuites(TestNG.java:1133)\r\n\tat org.testng.TestNG.run(TestNG.java:1104)\r\n\tat org.testng.remote.AbstractRemoteTestNG.run(AbstractRemoteTestNG.java:115)\r\n\tat org.testng.remote.RemoteTestNG.initAndRun(RemoteTestNG.java:251)\r\n\tat org.testng.remote.RemoteTestNG.main(RemoteTestNG.java:77)\r\nCaused by: java.io.FileNotFoundException: target\\cucumber-report.html (拒绝访问。)\r\n\tat java.base/java.io.FileOutputStream.open0(Native Method)\r\n\tat java.base/java.io.FileOutputStream.open(FileOutputStream.java:298)\r\n\tat java.base/java.io.FileOutputStream.<init>(FileOutputStream.java:237)\r\n\tat java.base/java.io.FileOutputStream.<init>(FileOutputStream.java:187)\r\n\tat io.cucumber.core.plugin.PluginFactory.createFileOutputStream(PluginFactory.java:237)\r\n\t... 33 more\r\n"},"stage":"finished","description":"","steps":[],"attachments":[],"parameters":[],"start":1619383197207,"stop":1619383197347}],"afters":[{"name":"tearDownClass","status":"passed","stage":"finished","description":"","steps":[],"attachments":[],"parameters":[],"start":1619383197530,"stop":1619383197530}],"links":[],"start":1619383197167,"stop":1619383197615}